app/build/intermediates/manifest_merge_blame_file/release/processReleaseMainManifest/manifest-merger-blame-release-report.txt
1<?xml version="1.0" encoding="utf-8"?>
2<manifest xmlns:android="http://schemas.android.com/apk/res/android"
3    package="com.example.appbook"
4    android:versionCode="1"
5    android:versionName="1.0" >
6
7    <uses-sdk
8        android:minSdkVersion="24"
9        android:targetSdkVersion="35" />
10
11    <uses-permission android:name="android.permission.INTERNET" />
11-->src\main\AndroidManifest.xml:4:5-67
11-->src\main\AndroidManifest.xml:4:22-64
12    <uses-permission android:name="android.permission.WRITE_EXTERNAL_STORAGE" />
12-->src\main\AndroidManifest.xml:5:5-81
12-->src\main\AndroidManifest.xml:5:22-78
13    <uses-permission android:name="android.permission.READ_EXTERNAL_STORAGE" />
13-->src\main\AndroidManifest.xml:6:5-80
13-->src\main\AndroidManifest.xml:6:22-77
14    <uses-permission android:name="android.permission.CAMERA" />
14-->src\main\AndroidManifest.xml:7:5-65
14-->src\main\AndroidManifest.xml:7:22-62
15    <uses-permission android:name="android.permission.READ_MEDIA_IMAGES" />
15-->src\main\AndroidManifest.xml:8:5-75
15-->src\main\AndroidManifest.xml:8:22-73
16
17    <uses-feature
17-->src\main\AndroidManifest.xml:9:5-11:36
18        android:name="android.hardware.camera"
18-->src\main\AndroidManifest.xml:10:9-47
19        android:required="false" />
19-->src\main\AndroidManifest.xml:11:9-33
20
21    <queries>
21-->src\main\AndroidManifest.xml:13:5-17:15
22        <intent>
22-->src\main\AndroidManifest.xml:14:9-16:18
23            <action android:name="android.media.action.IMAGE_CAPTURE" />
23-->src\main\AndroidManifest.xml:15:13-73
23-->src\main\AndroidManifest.xml:15:21-70
24        </intent>
25    </queries>
26
27    <uses-permission android:name="android.permission.USE_BIOMETRIC" /> <!-- suppress DeprecatedClassUsageInspection -->
27-->[androidx.biometric:biometric:1.1.0] AndroidManifest.xml:24:5-72
27-->[androidx.biometric:biometric:1.1.0] AndroidManifest.xml:24:22-69
28    <uses-permission android:name="android.permission.USE_FINGERPRINT" />
28-->[androidx.biometric:biometric:1.1.0] AndroidManifest.xml:27:5-74
28-->[androidx.biometric:biometric:1.1.0] AndroidManifest.xml:27:22-71
29    <uses-permission android:name="android.permission.ACCESS_NETWORK_STATE" />
29-->[com.google.mlkit:translate:17.0.2] AndroidManifest.xml:7:5-79
29-->[com.google.mlkit:translate:17.0.2] AndroidManifest.xml:7:22-76
30    <uses-permission android:name="android.permission.WAKE_LOCK" />
30-->[com.google.android.gms:play-services-measurement:22.4.0] AndroidManifest.xml:25:5-68
30-->[com.google.android.gms:play-services-measurement:22.4.0] AndroidManifest.xml:25:22-65
31    <uses-permission android:name="com.google.android.finsky.permission.BIND_GET_INSTALL_REFERRER_SERVICE" />
31-->[com.google.android.gms:play-services-measurement:22.4.0] AndroidManifest.xml:26:5-110
31-->[com.google.android.gms:play-services-measurement:22.4.0] AndroidManifest.xml:26:22-107
32    <uses-permission android:name="com.google.android.gms.permission.AD_ID" />
32-->[com.google.android.gms:play-services-measurement-api:22.4.0] AndroidManifest.xml:25:5-79
32-->[com.google.android.gms:play-services-measurement-api:22.4.0] AndroidManifest.xml:25:22-76
33    <uses-permission android:name="android.permission.ACCESS_ADSERVICES_ATTRIBUTION" />
33-->[com.google.android.gms:play-services-measurement-api:22.4.0] AndroidManifest.xml:26:5-88
33-->[com.google.android.gms:play-services-measurement-api:22.4.0] AndroidManifest.xml:26:22-85
34    <uses-permission android:name="android.permission.ACCESS_ADSERVICES_AD_ID" />
34-->[com.google.android.gms:play-services-measurement-api:22.4.0] AndroidManifest.xml:27:5-82
34-->[com.google.android.gms:play-services-measurement-api:22.4.0] AndroidManifest.xml:27:22-79
35    <uses-permission android:name="com.google.android.providers.gsf.permission.READ_GSERVICES" />
35-->[com.google.android.recaptcha:recaptcha:18.6.1] AndroidManifest.xml:9:5-98
35-->[com.google.android.recaptcha:recaptcha:18.6.1] AndroidManifest.xml:9:22-95
36    <uses-permission android:name="android.permission.RECEIVE_BOOT_COMPLETED" />
36-->[com.evernote:android-job:1.4.2] AndroidManifest.xml:14:5-81
36-->[com.evernote:android-job:1.4.2] AndroidManifest.xml:14:22-78
37
38    <permission
38-->[androidx.core:core:1.16.0] AndroidManifest.xml:22:5-24:47
39        android:name="com.example.appbook.DYNAMIC_RECEIVER_NOT_EXPORTED_PERMISSION"
39-->[androidx.core:core:1.16.0] AndroidManifest.xml:23:9-81
40        android:protectionLevel="signature" />
40-->[androidx.core:core:1.16.0] AndroidManifest.xml:24:9-44
41
42    <uses-permission android:name="com.example.appbook.DYNAMIC_RECEIVER_NOT_EXPORTED_PERMISSION" />
42-->[androidx.core:core:1.16.0] AndroidManifest.xml:26:5-97
42-->[androidx.core:core:1.16.0] AndroidManifest.xml:26:22-94
43
44    <application
44-->src\main\AndroidManifest.xml:22:5-110:19
45        android:name="com.example.appbook.MyApplication"
45-->src\main\AndroidManifest.xml:23:9-38
46        android:allowBackup="true"
46-->src\main\AndroidManifest.xml:24:9-35
47        android:appComponentFactory="androidx.core.app.CoreComponentFactory"
47-->[androidx.core:core:1.16.0] AndroidManifest.xml:28:18-86
48        android:dataExtractionRules="@xml/data_extraction_rules"
48-->src\main\AndroidManifest.xml:25:9-65
49        android:extractNativeLibs="false"
50        android:fullBackupContent="@xml/backup_rules"
50-->src\main\AndroidManifest.xml:26:9-54
51        android:icon="@drawable/logo"
51-->src\main\AndroidManifest.xml:28:9-38
52        android:label="@string/app_name"
52-->src\main\AndroidManifest.xml:29:9-41
53        android:networkSecurityConfig="@xml/network_security_config"
53-->src\main\AndroidManifest.xml:27:9-69
54        android:requestLegacyExternalStorage="true"
54-->src\main\AndroidManifest.xml:34:9-52
55        android:roundIcon="@drawable/logo"
55-->src\main\AndroidManifest.xml:30:9-43
56        android:supportsRtl="true"
56-->src\main\AndroidManifest.xml:31:9-35
57        android:theme="@style/Theme.MaterialComponents.Light.NoActionBar"
57-->src\main\AndroidManifest.xml:32:9-74
58        android:usesCleartextTraffic="false" >
58-->src\main\AndroidManifest.xml:33:9-45
59        <activity
59-->src\main\AndroidManifest.xml:38:9-45:20
60            android:name="com.example.appbook.activities.SplashActivity"
60-->src\main\AndroidManifest.xml:39:13-54
61            android:exported="true" >
61-->src\main\AndroidManifest.xml:40:13-36
62            <intent-filter>
62-->src\main\AndroidManifest.xml:41:13-44:29
63                <action android:name="android.intent.action.MAIN" />
63-->src\main\AndroidManifest.xml:42:17-69
63-->src\main\AndroidManifest.xml:42:25-66
64
65                <category android:name="android.intent.category.LAUNCHER" />
65-->src\main\AndroidManifest.xml:43:17-77
65-->src\main\AndroidManifest.xml:43:27-74
66            </intent-filter>
67        </activity>
68        <activity
68-->src\main\AndroidManifest.xml:47:9-50:57
69            android:name="com.example.appbook.activities.MainActivity"
69-->src\main\AndroidManifest.xml:48:13-52
70            android:exported="false"
70-->src\main\AndroidManifest.xml:49:13-37
71            android:windowSoftInputMode="stateHidden" />
71-->src\main\AndroidManifest.xml:50:13-54
72        <activity
72-->src\main\AndroidManifest.xml:52:9-55:57
73            android:name="com.example.appbook.activities.LoginActivity"
73-->src\main\AndroidManifest.xml:53:13-53
74            android:exported="false"
74-->src\main\AndroidManifest.xml:54:13-37
75            android:windowSoftInputMode="stateHidden" />
75-->src\main\AndroidManifest.xml:55:13-54
76        <activity
76-->src\main\AndroidManifest.xml:56:9-59:57
77            android:name="com.example.appbook.activities.RegisterActivity"
77-->src\main\AndroidManifest.xml:57:13-56
78            android:exported="false"
78-->src\main\AndroidManifest.xml:58:13-37
79            android:windowSoftInputMode="stateHidden" />
79-->src\main\AndroidManifest.xml:59:13-54
80        <activity
80-->src\main\AndroidManifest.xml:60:9-63:57
81            android:name="com.example.appbook.activities.ForgotPasswordActivity"
81-->src\main\AndroidManifest.xml:61:13-62
82            android:exported="false"
82-->src\main\AndroidManifest.xml:62:13-37
83            android:windowSoftInputMode="stateHidden" />
83-->src\main\AndroidManifest.xml:63:13-54
84        <activity
84-->src\main\AndroidManifest.xml:65:9-68:57
85            android:name="com.example.appbook.activities.DashboardUserActivity"
85-->src\main\AndroidManifest.xml:66:13-61
86            android:exported="false"
86-->src\main\AndroidManifest.xml:67:13-37
87            android:windowSoftInputMode="stateHidden" />
87-->src\main\AndroidManifest.xml:68:13-54
88        <activity
88-->src\main\AndroidManifest.xml:70:9-73:57
89            android:name="com.example.appbook.activities.ProfileActivity"
89-->src\main\AndroidManifest.xml:71:13-55
90            android:exported="false"
90-->src\main\AndroidManifest.xml:72:13-37
91            android:windowSoftInputMode="stateHidden" />
91-->src\main\AndroidManifest.xml:73:13-54
92        <activity
92-->src\main\AndroidManifest.xml:74:9-77:57
93            android:name="com.example.appbook.activities.ProfileEditActivity"
93-->src\main\AndroidManifest.xml:75:13-59
94            android:exported="false"
94-->src\main\AndroidManifest.xml:76:13-37
95            android:windowSoftInputMode="stateHidden" />
95-->src\main\AndroidManifest.xml:77:13-54
96        <activity
96-->src\main\AndroidManifest.xml:78:9-80:40
97            android:name="com.example.appbook.activities.BookDetailActivity"
97-->src\main\AndroidManifest.xml:79:13-58
98            android:exported="false" />
98-->src\main\AndroidManifest.xml:80:13-37
99        <activity
99-->src\main\AndroidManifest.xml:82:9-85:49
100            android:name="com.example.appbook.activities.ReadingActivity"
100-->src\main\AndroidManifest.xml:83:13-55
101            android:exported="false"
101-->src\main\AndroidManifest.xml:84:13-37
102            android:screenOrientation="sensor" />
102-->src\main\AndroidManifest.xml:85:13-47
103
104        <provider
105            android:name="androidx.core.content.FileProvider"
105-->src\main\AndroidManifest.xml:90:13-62
106            android:authorities="com.example.appbook.fileprovider"
106-->src\main\AndroidManifest.xml:91:13-64
107            android:exported="false"
107-->src\main\AndroidManifest.xml:92:13-37
108            android:grantUriPermissions="true" >
108-->src\main\AndroidManifest.xml:93:13-47
109            <meta-data
109-->src\main\AndroidManifest.xml:94:13-96:54
110                android:name="android.support.FILE_PROVIDER_PATHS"
110-->src\main\AndroidManifest.xml:95:17-67
111                android:resource="@xml/file_paths" />
111-->src\main\AndroidManifest.xml:96:17-51
112        </provider>
113
114        <receiver
114-->src\main\AndroidManifest.xml:99:9-108:20
115            android:name="com.example.appbook.ContinueReadingWidget"
115-->src\main\AndroidManifest.xml:100:13-50
116            android:exported="true" >
116-->src\main\AndroidManifest.xml:101:13-36
117            <intent-filter>
117-->src\main\AndroidManifest.xml:102:13-104:29
118                <action android:name="android.appwidget.action.APPWIDGET_UPDATE" />
118-->src\main\AndroidManifest.xml:103:17-84
118-->src\main\AndroidManifest.xml:103:25-81
119            </intent-filter>
120
121            <meta-data
121-->src\main\AndroidManifest.xml:105:13-107:72
122                android:name="android.appwidget.provider"
122-->src\main\AndroidManifest.xml:106:17-58
123                android:resource="@xml/continue_reading_widget_info" />
123-->src\main\AndroidManifest.xml:107:17-69
124        </receiver>
125
126        <activity
126-->[com.cloudinary:cloudinary-android-ui:2.2.0] AndroidManifest.xml:10:9-13:56
127            android:name="com.cloudinary.android.uploadwidget.ui.UploadWidgetActivity"
127-->[com.cloudinary:cloudinary-android-ui:2.2.0] AndroidManifest.xml:11:13-87
128            android:configChanges="orientation"
128-->[com.cloudinary:cloudinary-android-ui:2.2.0] AndroidManifest.xml:12:13-48
129            android:theme="@style/UploadWidgetTheme" />
129-->[com.cloudinary:cloudinary-android-ui:2.2.0] AndroidManifest.xml:13:13-53
130
131        <service
131-->[com.google.mlkit:translate:17.0.2] AndroidManifest.xml:11:9-17:19
132            android:name="com.google.mlkit.common.internal.MlKitComponentDiscoveryService"
132-->[com.google.mlkit:translate:17.0.2] AndroidManifest.xml:12:13-91
133            android:directBootAware="true"
133-->[com.google.mlkit:common:18.10.0] AndroidManifest.xml:17:13-43
134            android:exported="false" >
134-->[com.google.mlkit:translate:17.0.2] AndroidManifest.xml:13:13-37
135            <meta-data
135-->[com.google.mlkit:translate:17.0.2] AndroidManifest.xml:14:13-16:85
136                android:name="com.google.firebase.components:com.google.mlkit.nl.translate.NaturalLanguageTranslateRegistrar"
136-->[com.google.mlkit:translate:17.0.2] AndroidManifest.xml:15:17-126
137                android:value="com.google.firebase.components.ComponentRegistrar" />
137-->[com.google.mlkit:translate:17.0.2] AndroidManifest.xml:16:17-82
138            <meta-data
138-->[com.google.mlkit:language-id-common:16.1.0] AndroidManifest.xml:26:13-28:85
139                android:name="com.google.firebase.components:com.google.mlkit.nl.languageid.internal.LanguageIdRegistrar"
139-->[com.google.mlkit:language-id-common:16.1.0] AndroidManifest.xml:27:17-122
140                android:value="com.google.firebase.components.ComponentRegistrar" />
140-->[com.google.mlkit:language-id-common:16.1.0] AndroidManifest.xml:28:17-82
141            <meta-data
141-->[com.google.mlkit:common:18.10.0] AndroidManifest.xml:20:13-22:85
142                android:name="com.google.firebase.components:com.google.mlkit.common.internal.CommonComponentRegistrar"
142-->[com.google.mlkit:common:18.10.0] AndroidManifest.xml:21:17-120
143                android:value="com.google.firebase.components.ComponentRegistrar" />
143-->[com.google.mlkit:common:18.10.0] AndroidManifest.xml:22:17-82
144        </service>
145
146        <provider
146-->[com.google.mlkit:common:18.10.0] AndroidManifest.xml:9:9-13:38
147            android:name="com.google.mlkit.common.internal.MlKitInitProvider"
147-->[com.google.mlkit:common:18.10.0] AndroidManifest.xml:10:13-78
148            android:authorities="com.example.appbook.mlkitinitprovider"
148-->[com.google.mlkit:common:18.10.0] AndroidManifest.xml:11:13-69
149            android:exported="false"
149-->[com.google.mlkit:common:18.10.0] AndroidManifest.xml:12:13-37
150            android:initOrder="99" />
150-->[com.google.mlkit:common:18.10.0] AndroidManifest.xml:13:13-35
151
152        <activity
152-->[com.google.firebase:firebase-auth:23.2.0] AndroidManifest.xml:29:9-46:20
153            android:name="com.google.firebase.auth.internal.GenericIdpActivity"
153-->[com.google.firebase:firebase-auth:23.2.0] AndroidManifest.xml:30:13-80
154            android:excludeFromRecents="true"
154-->[com.google.firebase:firebase-auth:23.2.0] AndroidManifest.xml:31:13-46
155            android:exported="true"
155-->[com.google.firebase:firebase-auth:23.2.0] AndroidManifest.xml:32:13-36
156            android:launchMode="singleTask"
156-->[com.google.firebase:firebase-auth:23.2.0] AndroidManifest.xml:33:13-44
157            android:theme="@android:style/Theme.Translucent.NoTitleBar" >
157-->[com.google.firebase:firebase-auth:23.2.0] AndroidManifest.xml:34:13-72
158            <intent-filter>
158-->[com.google.firebase:firebase-auth:23.2.0] AndroidManifest.xml:35:13-45:29
159                <action android:name="android.intent.action.VIEW" />
159-->[com.google.firebase:firebase-auth:23.2.0] AndroidManifest.xml:36:17-69
159-->[com.google.firebase:firebase-auth:23.2.0] AndroidManifest.xml:36:25-66
160
161                <category android:name="android.intent.category.DEFAULT" />
161-->[com.google.firebase:firebase-auth:23.2.0] AndroidManifest.xml:38:17-76
161-->[com.google.firebase:firebase-auth:23.2.0] AndroidManifest.xml:38:27-73
162                <category android:name="android.intent.category.BROWSABLE" />
162-->[com.google.firebase:firebase-auth:23.2.0] AndroidManifest.xml:39:17-78
162-->[com.google.firebase:firebase-auth:23.2.0] AndroidManifest.xml:39:27-75
163
164                <data
164-->[com.google.firebase:firebase-auth:23.2.0] AndroidManifest.xml:41:17-44:51
165                    android:host="firebase.auth"
165-->[com.google.firebase:firebase-auth:23.2.0] AndroidManifest.xml:42:21-49
166                    android:path="/"
166-->[com.google.firebase:firebase-auth:23.2.0] AndroidManifest.xml:43:21-37
167                    android:scheme="genericidp" />
167-->[com.google.firebase:firebase-auth:23.2.0] AndroidManifest.xml:44:21-48
168            </intent-filter>
169        </activity>
170        <activity
170-->[com.google.firebase:firebase-auth:23.2.0] AndroidManifest.xml:47:9-64:20
171            android:name="com.google.firebase.auth.internal.RecaptchaActivity"
171-->[com.google.firebase:firebase-auth:23.2.0] AndroidManifest.xml:48:13-79
172            android:excludeFromRecents="true"
172-->[com.google.firebase:firebase-auth:23.2.0] AndroidManifest.xml:49:13-46
173            android:exported="true"
173-->[com.google.firebase:firebase-auth:23.2.0] AndroidManifest.xml:50:13-36
174            android:launchMode="singleTask"
174-->[com.google.firebase:firebase-auth:23.2.0] AndroidManifest.xml:51:13-44
175            android:theme="@android:style/Theme.Translucent.NoTitleBar" >
175-->[com.google.firebase:firebase-auth:23.2.0] AndroidManifest.xml:52:13-72
176            <intent-filter>
176-->[com.google.firebase:firebase-auth:23.2.0] AndroidManifest.xml:53:13-63:29
177                <action android:name="android.intent.action.VIEW" />
177-->[com.google.firebase:firebase-auth:23.2.0] AndroidManifest.xml:36:17-69
177-->[com.google.firebase:firebase-auth:23.2.0] AndroidManifest.xml:36:25-66
178
179                <category android:name="android.intent.category.DEFAULT" />
179-->[com.google.firebase:firebase-auth:23.2.0] AndroidManifest.xml:38:17-76
179-->[com.google.firebase:firebase-auth:23.2.0] AndroidManifest.xml:38:27-73
180                <category android:name="android.intent.category.BROWSABLE" />
180-->[com.google.firebase:firebase-auth:23.2.0] AndroidManifest.xml:39:17-78
180-->[com.google.firebase:firebase-auth:23.2.0] AndroidManifest.xml:39:27-75
181
182                <data
182-->[com.google.firebase:firebase-auth:23.2.0] AndroidManifest.xml:41:17-44:51
183                    android:host="firebase.auth"
183-->[com.google.firebase:firebase-auth:23.2.0] AndroidManifest.xml:42:21-49
184                    android:path="/"
184-->[com.google.firebase:firebase-auth:23.2.0] AndroidManifest.xml:43:21-37
185                    android:scheme="recaptcha" />
185-->[com.google.firebase:firebase-auth:23.2.0] AndroidManifest.xml:44:21-48
186            </intent-filter>
187        </activity>
188
189        <service
189-->[com.google.firebase:firebase-auth:23.2.0] AndroidManifest.xml:66:9-72:19
190            android:name="com.google.firebase.components.ComponentDiscoveryService"
190-->[com.google.firebase:firebase-auth:23.2.0] AndroidManifest.xml:67:13-84
191            android:directBootAware="true"
191-->[com.google.firebase:firebase-common:21.0.0] AndroidManifest.xml:32:13-43
192            android:exported="false" >
192-->[com.google.firebase:firebase-auth:23.2.0] AndroidManifest.xml:68:13-37
193            <meta-data
193-->[com.google.firebase:firebase-auth:23.2.0] AndroidManifest.xml:69:13-71:85
194                android:name="com.google.firebase.components:com.google.firebase.auth.FirebaseAuthRegistrar"
194-->[com.google.firebase:firebase-auth:23.2.0] AndroidManifest.xml:70:17-109
195                android:value="com.google.firebase.components.ComponentRegistrar" />
195-->[com.google.firebase:firebase-auth:23.2.0] AndroidManifest.xml:71:17-82
196            <meta-data
196-->[com.google.firebase:firebase-database:21.0.0] AndroidManifest.xml:29:13-31:85
197                android:name="com.google.firebase.components:com.google.firebase.database.FirebaseDatabaseKtxRegistrar"
197-->[com.google.firebase:firebase-database:21.0.0] AndroidManifest.xml:30:17-120
198                android:value="com.google.firebase.components.ComponentRegistrar" />
198-->[com.google.firebase:firebase-database:21.0.0] AndroidManifest.xml:31:17-82
199            <meta-data
199-->[com.google.firebase:firebase-database:21.0.0] AndroidManifest.xml:32:13-34:85
200                android:name="com.google.firebase.components:com.google.firebase.database.DatabaseRegistrar"
200-->[com.google.firebase:firebase-database:21.0.0] AndroidManifest.xml:33:17-109
201                android:value="com.google.firebase.components.ComponentRegistrar" />
201-->[com.google.firebase:firebase-database:21.0.0] AndroidManifest.xml:34:17-82
202            <meta-data
202-->[com.google.android.gms:play-services-measurement-api:22.4.0] AndroidManifest.xml:33:13-35:85
203                android:name="com.google.firebase.components:com.google.firebase.analytics.connector.internal.AnalyticsConnectorRegistrar"
203-->[com.google.android.gms:play-services-measurement-api:22.4.0] AndroidManifest.xml:34:17-139
204                android:value="com.google.firebase.components.ComponentRegistrar" />
204-->[com.google.android.gms:play-services-measurement-api:22.4.0] AndroidManifest.xml:35:17-82
205            <meta-data
205-->[com.google.firebase:firebase-crashlytics:19.4.3] AndroidManifest.xml:15:13-17:85
206                android:name="com.google.firebase.components:com.google.firebase.crashlytics.FirebaseCrashlyticsKtxRegistrar"
206-->[com.google.firebase:firebase-crashlytics:19.4.3] AndroidManifest.xml:16:17-126
207                android:value="com.google.firebase.components.ComponentRegistrar" />
207-->[com.google.firebase:firebase-crashlytics:19.4.3] AndroidManifest.xml:17:17-82
208            <meta-data
208-->[com.google.firebase:firebase-crashlytics:19.4.3] AndroidManifest.xml:18:13-20:85
209                android:name="com.google.firebase.components:com.google.firebase.crashlytics.CrashlyticsRegistrar"
209-->[com.google.firebase:firebase-crashlytics:19.4.3] AndroidManifest.xml:19:17-115
210                android:value="com.google.firebase.components.ComponentRegistrar" />
210-->[com.google.firebase:firebase-crashlytics:19.4.3] AndroidManifest.xml:20:17-82
211            <meta-data
211-->[com.google.firebase:firebase-storage:21.0.2] AndroidManifest.xml:30:13-32:85
212                android:name="com.google.firebase.components:com.google.firebase.storage.FirebaseStorageKtxRegistrar"
212-->[com.google.firebase:firebase-storage:21.0.2] AndroidManifest.xml:31:17-118
213                android:value="com.google.firebase.components.ComponentRegistrar" />
213-->[com.google.firebase:firebase-storage:21.0.2] AndroidManifest.xml:32:17-82
214            <meta-data
214-->[com.google.firebase:firebase-storage:21.0.2] AndroidManifest.xml:33:13-35:85
215                android:name="com.google.firebase.components:com.google.firebase.storage.StorageRegistrar"
215-->[com.google.firebase:firebase-storage:21.0.2] AndroidManifest.xml:34:17-107
216                android:value="com.google.firebase.components.ComponentRegistrar" />
216-->[com.google.firebase:firebase-storage:21.0.2] AndroidManifest.xml:35:17-82
217            <meta-data
217-->[com.google.firebase:firebase-sessions:2.1.1] AndroidManifest.xml:29:13-31:85
218                android:name="com.google.firebase.components:com.google.firebase.sessions.FirebaseSessionsRegistrar"
218-->[com.google.firebase:firebase-sessions:2.1.1] AndroidManifest.xml:30:17-117
219                android:value="com.google.firebase.components.ComponentRegistrar" />
219-->[com.google.firebase:firebase-sessions:2.1.1] AndroidManifest.xml:31:17-82
220            <meta-data
220-->[com.google.firebase:firebase-installations:18.0.0] AndroidManifest.xml:15:13-17:85
221                android:name="com.google.firebase.components:com.google.firebase.installations.FirebaseInstallationsKtxRegistrar"
221-->[com.google.firebase:firebase-installations:18.0.0] AndroidManifest.xml:16:17-130
222                android:value="com.google.firebase.components.ComponentRegistrar" />
222-->[com.google.firebase:firebase-installations:18.0.0] AndroidManifest.xml:17:17-82
223            <meta-data
223-->[com.google.firebase:firebase-installations:18.0.0] AndroidManifest.xml:18:13-20:85
224                android:name="com.google.firebase.components:com.google.firebase.installations.FirebaseInstallationsRegistrar"
224-->[com.google.firebase:firebase-installations:18.0.0] AndroidManifest.xml:19:17-127
225                android:value="com.google.firebase.components.ComponentRegistrar" />
225-->[com.google.firebase:firebase-installations:18.0.0] AndroidManifest.xml:20:17-82
226            <meta-data
226-->[com.google.firebase:firebase-appcheck:17.1.0] AndroidManifest.xml:25:13-27:85
227                android:name="com.google.firebase.components:com.google.firebase.appcheck.FirebaseAppCheckKtxRegistrar"
227-->[com.google.firebase:firebase-appcheck:17.1.0] AndroidManifest.xml:26:17-120
228                android:value="com.google.firebase.components.ComponentRegistrar" />
228-->[com.google.firebase:firebase-appcheck:17.1.0] AndroidManifest.xml:27:17-82
229            <meta-data
229-->[com.google.firebase:firebase-appcheck:17.1.0] AndroidManifest.xml:28:13-30:85
230                android:name="com.google.firebase.components:com.google.firebase.appcheck.FirebaseAppCheckRegistrar"
230-->[com.google.firebase:firebase-appcheck:17.1.0] AndroidManifest.xml:29:17-117
231                android:value="com.google.firebase.components.ComponentRegistrar" />
231-->[com.google.firebase:firebase-appcheck:17.1.0] AndroidManifest.xml:30:17-82
232            <meta-data
232-->[com.google.firebase:firebase-common-ktx:21.0.0] AndroidManifest.xml:12:13-14:85
233                android:name="com.google.firebase.components:com.google.firebase.ktx.FirebaseCommonLegacyRegistrar"
233-->[com.google.firebase:firebase-common-ktx:21.0.0] AndroidManifest.xml:13:17-116
234                android:value="com.google.firebase.components.ComponentRegistrar" />
234-->[com.google.firebase:firebase-common-ktx:21.0.0] AndroidManifest.xml:14:17-82
235            <meta-data
235-->[com.google.firebase:firebase-common:21.0.0] AndroidManifest.xml:35:13-37:85
236                android:name="com.google.firebase.components:com.google.firebase.FirebaseCommonKtxRegistrar"
236-->[com.google.firebase:firebase-common:21.0.0] AndroidManifest.xml:36:17-109
237                android:value="com.google.firebase.components.ComponentRegistrar" />
237-->[com.google.firebase:firebase-common:21.0.0] AndroidManifest.xml:37:17-82
238            <meta-data
238-->[com.google.firebase:firebase-datatransport:19.0.0] AndroidManifest.xml:25:13-27:85
239                android:name="com.google.firebase.components:com.google.firebase.datatransport.TransportRegistrar"
239-->[com.google.firebase:firebase-datatransport:19.0.0] AndroidManifest.xml:26:17-115
240                android:value="com.google.firebase.components.ComponentRegistrar" />
240-->[com.google.firebase:firebase-datatransport:19.0.0] AndroidManifest.xml:27:17-82
241        </service>
242
243        <receiver
243-->[com.google.android.gms:play-services-measurement:22.4.0] AndroidManifest.xml:29:9-33:20
244            android:name="com.google.android.gms.measurement.AppMeasurementReceiver"
244-->[com.google.android.gms:play-services-measurement:22.4.0] AndroidManifest.xml:30:13-85
245            android:enabled="true"
245-->[com.google.android.gms:play-services-measurement:22.4.0] AndroidManifest.xml:31:13-35
246            android:exported="false" >
246-->[com.google.android.gms:play-services-measurement:22.4.0] AndroidManifest.xml:32:13-37
247        </receiver>
248
249        <service
249-->[com.google.android.gms:play-services-measurement:22.4.0] AndroidManifest.xml:35:9-38:40
250            android:name="com.google.android.gms.measurement.AppMeasurementService"
250-->[com.google.android.gms:play-services-measurement:22.4.0] AndroidManifest.xml:36:13-84
251            android:enabled="true"
251-->[com.google.android.gms:play-services-measurement:22.4.0] AndroidManifest.xml:37:13-35
252            android:exported="false" />
252-->[com.google.android.gms:play-services-measurement:22.4.0] AndroidManifest.xml:38:13-37
253        <service
253-->[com.google.android.gms:play-services-measurement:22.4.0] AndroidManifest.xml:39:9-43:72
254            android:name="com.google.android.gms.measurement.AppMeasurementJobService"
254-->[com.google.android.gms:play-services-measurement:22.4.0] AndroidManifest.xml:40:13-87
255            android:enabled="true"
255-->[com.google.android.gms:play-services-measurement:22.4.0] AndroidManifest.xml:41:13-35
256            android:exported="false"
256-->[com.google.android.gms:play-services-measurement:22.4.0] AndroidManifest.xml:42:13-37
257            android:permission="android.permission.BIND_JOB_SERVICE" />
257-->[com.google.android.gms:play-services-measurement:22.4.0] AndroidManifest.xml:43:13-69
258        <service
258-->[androidx.credentials:credentials-play-services-auth:1.2.0-rc01] AndroidManifest.xml:24:9-32:19
259            android:name="androidx.credentials.playservices.CredentialProviderMetadataHolder"
259-->[androidx.credentials:credentials-play-services-auth:1.2.0-rc01] AndroidManifest.xml:25:13-94
260            android:enabled="true"
260-->[androidx.credentials:credentials-play-services-auth:1.2.0-rc01] AndroidManifest.xml:26:13-35
261            android:exported="false" >
261-->[androidx.credentials:credentials-play-services-auth:1.2.0-rc01] AndroidManifest.xml:27:13-37